2020-10-08 11:48:48,316 nix          MainProcess INFO     Start Process for: /net/bach2/data2/boxelaar/brp_extra_data/phoenix_Lband_uvmin185_b0-MFS-image_CUTOUT.fits
2020-10-08 11:48:48,317 nix          MainProcess ERROR    Unknown what catalogue to use. If no costum values are given, filling values will be used
2020-10-08 11:48:49,936 nix          MainProcess WARNING  No R500 key found. setting R500=1.0Mpc as filling to continue. Ignore this message if R500 != None
2020-10-08 11:48:49,936 nix          MainProcess WARNING  No z key found. setting z=0.1Mpc as filling to continue. Ignore this message if z != None
2020-10-08 11:48:49,936 nix          MainProcess INFO     Custom redshift set
2020-10-08 11:48:50,634 nix          MainProcess INFO     MCMC Mask set
2020-10-08 11:48:51,880 nix          MainProcess ERROR    Phoenix: Decreasing FoV not possible. Halo is too big
2020-10-08 11:48:52,557 nix          MainProcess INFO     MCMC Mask set
2020-10-08 11:48:53,831 nix          MainProcess INFO     MCMC Mask set
2020-10-08 11:48:57,869 nix          MainProcess INFO     MCMC initial guess: I0      0.000001
x0    228.000000
y0    220.000000
r1     74.799825
Name: params, dtype: float64 
 with error: [5.63477869e-09 2.60620335e-01 2.85416845e-01 3.64704800e-01]
2020-10-08 13:17:46,540 root         MainProcess WARNING  Too few points to create valid contours
2020-10-08 13:17:46,658 root         MainProcess WARNING  Too few points to create valid contours
2020-10-08 13:17:46,714 root         MainProcess WARNING  Too few points to create valid contours
2020-10-08 13:17:46,803 root         MainProcess WARNING  Too few points to create valid contours
2020-10-08 13:17:46,857 root         MainProcess WARNING  Too few points to create valid contours
2020-10-08 13:17:46,912 root         MainProcess WARNING  Too few points to create valid contours
2020-10-08 13:17:54,822 nix          MainProcess INFO     MCMC parameter dimension: circle
2020-10-08 13:17:55,497 nix          MainProcess INFO     MCMC Mask set
2020-10-08 13:18:03,946 root         MainProcess WARNING  Too few points to create valid contours
2020-10-08 13:18:04,048 root         MainProcess WARNING  Too few points to create valid contours
2020-10-08 13:18:04,105 root         MainProcess WARNING  Too few points to create valid contours
2020-10-08 13:18:04,191 root         MainProcess WARNING  Too few points to create valid contours
2020-10-08 13:18:04,492 root         MainProcess WARNING  Too few points to create valid contours
2020-10-08 13:18:04,540 root         MainProcess WARNING  Too few points to create valid contours
2020-10-08 13:18:09,267 nix          MainProcess INFO     chi^2_red: 1.0507331718963107
2020-10-08 13:18:09,267 nix          MainProcess INFO     AIC: -11635.03267162736
2020-10-08 13:18:09,278 nix          MainProcess INFO     MCMC Flux at 1518.5 MHz: 8.15 +/- 0.18 mJy
2020-10-08 13:18:09,278 nix          MainProcess INFO     S/N based on flux 44.85
2020-10-08 13:18:09,291 nix          MainProcess INFO     Power at 1518.5 MHz: (1.32e+25 +/- 2.94e+23) W / Hz
2020-10-08 13:18:09,296 nix          MainProcess INFO     95% Confidence interval of $I_0$: (58.09239, 93.41733) $\mu$Jy arcsec$^{-2}$
2020-10-08 13:18:09,296 nix          MainProcess INFO     95% Confidence interval of $x_0$: (356.18217, 356.18299) deg
2020-10-08 13:18:09,296 nix          MainProcess INFO     95% Confidence interval of $y_0$: (317.27955, 317.28037) deg
2020-10-08 13:18:09,296 nix          MainProcess INFO     95% Confidence interval of $r_{e}$: (0.80329, 54.38495) kpc
2020-10-08 13:18:09,296 nix          MainProcess INFO     
2020-10-08 13:18:09,297 nix          MainProcess INFO     closed Halo object Phoenix
