2020-10-07 20:19:11,212 nix          MainProcess INFO     Start Process for: /net/bach2/data2/boxelaar/brp_extra_data/phoenix_Lband_uvmin185_b0-MFS-image_CUTOUT.fits
2020-10-07 20:19:11,212 nix          MainProcess ERROR    Unknown what catalogue to use. If no costum values are given, filling values will be used
2020-10-07 20:19:12,821 nix          MainProcess WARNING  No R500 key found. setting R500=1.0Mpc as filling to continue. Ignore this message if R500 != None
2020-10-07 20:19:12,822 nix          MainProcess WARNING  No z key found. setting z=0.1Mpc as filling to continue. Ignore this message if z != None
2020-10-07 20:19:12,822 nix          MainProcess INFO     Custom redshift set
2020-10-07 20:19:13,495 nix          MainProcess INFO     MCMC Mask set
2020-10-07 20:19:14,771 nix          MainProcess ERROR    Phoenix: Decreasing FoV not possible. Halo is too big
2020-10-07 20:19:15,476 nix          MainProcess INFO     MCMC Mask set
2020-10-07 20:19:16,764 nix          MainProcess INFO     MCMC Mask set
2020-10-07 20:19:41,153 nix          MainProcess INFO     MCMC initial guess: I0      0.000029
x0    228.978610
y0    224.175454
r1      8.213797
Name: params, dtype: float64 
 with error: [2.93613853e-07 2.34825593e-02 5.01423471e-02 3.23789276e-02]
2020-10-07 21:44:59,129 root         MainProcess WARNING  Too few points to create valid contours
2020-10-07 21:44:59,232 root         MainProcess WARNING  Too few points to create valid contours
2020-10-07 21:44:59,368 root         MainProcess WARNING  Too few points to create valid contours
2020-10-07 21:45:07,433 nix          MainProcess INFO     MCMC parameter dimension: circle
2020-10-07 21:45:08,114 nix          MainProcess INFO     MCMC Mask set
2020-10-07 21:45:16,153 root         MainProcess WARNING  Too few points to create valid contours
2020-10-07 21:45:16,232 root         MainProcess WARNING  Too few points to create valid contours
2020-10-07 21:45:16,362 root         MainProcess WARNING  Too few points to create valid contours
2020-10-07 21:45:21,217 nix          MainProcess INFO     chi^2_red: 1.0516249635859194
2020-10-07 21:45:21,217 nix          MainProcess INFO     AIC: -11634.518107822452
2020-10-07 21:45:21,228 nix          MainProcess INFO     MCMC Flux at 1518.5 MHz: 8.12 +/- 0.21 mJy
2020-10-07 21:45:21,228 nix          MainProcess INFO     S/N based on flux 39.24
2020-10-07 21:45:21,241 nix          MainProcess INFO     Power at 1518.5 MHz: (1.31e+25 +/- 3.35e+23) W / Hz
2020-10-07 21:45:21,248 nix          MainProcess INFO     95% Confidence interval of $I_0$: (-166.59506, 319.33181) $\mu$Jy arcsec$^{-2}$
2020-10-07 21:45:21,248 nix          MainProcess INFO     95% Confidence interval of $x_0$: (356.18253, 356.18263) deg
2020-10-07 21:45:21,248 nix          MainProcess INFO     95% Confidence interval of $y_0$: (317.27987, 317.28005) deg
2020-10-07 21:45:21,248 nix          MainProcess INFO     95% Confidence interval of $r_{e}$: (18.90248, 36.00509) kpc
2020-10-07 21:45:21,248 nix          MainProcess INFO     
2020-10-07 21:45:21,249 nix          MainProcess INFO     closed Halo object Phoenix
