2020-10-07 20:20:12,905 nix          MainProcess INFO     Start Process for: /net/bach2/data2/boxelaar/brp_extra_data/phoenix_Lband_uvmin185_b0-MFS-image_CUTOUT.fits
2020-10-07 20:20:12,905 nix          MainProcess ERROR    Unknown what catalogue to use. If no costum values are given, filling values will be used
2020-10-07 20:20:14,642 nix          MainProcess WARNING  No R500 key found. setting R500=1.0Mpc as filling to continue. Ignore this message if R500 != None
2020-10-07 20:20:14,642 nix          MainProcess WARNING  No z key found. setting z=0.1Mpc as filling to continue. Ignore this message if z != None
2020-10-07 20:20:14,642 nix          MainProcess INFO     Custom redshift set
2020-10-07 20:20:15,342 nix          MainProcess INFO     MCMC Mask set
2020-10-07 20:20:16,884 nix          MainProcess ERROR    Phoenix: Decreasing FoV not possible. Halo is too big
2020-10-07 20:20:17,599 nix          MainProcess INFO     MCMC Mask set
2020-10-07 20:20:18,924 nix          MainProcess INFO     MCMC Mask set
2020-10-07 20:20:53,006 nix          MainProcess INFO     MCMC initial guess: I0       0.000030
x0     229.100588
y0     224.789429
r1       8.523361
r2       8.361919
ang      1.765202
Name: params, dtype: float64 
 with error: [2.96028326e-07 2.38630760e-02 5.21783127e-02 3.47940162e-02
 3.95162384e-02 1.03910074e-01]
2020-10-07 21:37:04,775 root         MainProcess WARNING  Too few points to create valid contours
2020-10-07 21:37:04,884 root         MainProcess WARNING  Too few points to create valid contours
2020-10-07 21:37:05,037 root         MainProcess WARNING  Too few points to create valid contours
2020-10-07 21:37:05,256 root         MainProcess WARNING  Too few points to create valid contours
2020-10-07 21:37:05,531 root         MainProcess WARNING  Too few points to create valid contours
2020-10-07 21:37:05,652 root         MainProcess WARNING  Too few points to create valid contours
2020-10-07 21:37:05,723 root         MainProcess WARNING  Too few points to create valid contours
2020-10-07 21:37:05,780 root         MainProcess WARNING  Too few points to create valid contours
2020-10-07 21:37:23,989 nix          MainProcess INFO     MCMC parameter dimension: rotated_ellipse
2020-10-07 21:37:24,680 nix          MainProcess INFO     MCMC Mask set
2020-10-07 21:37:34,614 root         MainProcess WARNING  Too few points to create valid contours
2020-10-07 21:37:34,695 root         MainProcess WARNING  Too few points to create valid contours
2020-10-07 21:37:34,828 root         MainProcess WARNING  Too few points to create valid contours
2020-10-07 21:37:35,137 root         MainProcess WARNING  Too few points to create valid contours
2020-10-07 21:37:35,376 root         MainProcess WARNING  Too few points to create valid contours
2020-10-07 21:37:35,479 root         MainProcess WARNING  Too few points to create valid contours
2020-10-07 21:37:35,528 root         MainProcess WARNING  Too few points to create valid contours
2020-10-07 21:37:35,582 root         MainProcess WARNING  Too few points to create valid contours
2020-10-07 21:37:45,227 nix          MainProcess INFO     chi^2_red: 0.9245692407925034
2020-10-07 21:37:45,227 nix          MainProcess INFO     AIC: -11705.67839835584
2020-10-07 21:37:45,238 nix          MainProcess INFO     MCMC Flux at 1518.5 MHz: 8.28 +/- 0.28 mJy
2020-10-07 21:37:45,238 nix          MainProcess INFO     S/N based on flux 29.88
2020-10-07 21:37:45,248 nix          MainProcess INFO     Power at 1518.5 MHz: (1.34e+25 +/- 4.48e+23) W / Hz
2020-10-07 21:37:45,261 nix          MainProcess INFO     95% Confidence interval of $I_0$: (-104.41513, 265.47612) $\mu$Jy arcsec$^{-2}$
2020-10-07 21:37:45,262 nix          MainProcess INFO     95% Confidence interval of $x_0$: (356.18252, 356.18265) deg
2020-10-07 21:37:45,262 nix          MainProcess INFO     95% Confidence interval of $y_0$: (317.27983, 317.28016) deg
2020-10-07 21:37:45,262 nix          MainProcess INFO     95% Confidence interval of $r_{x}$: (21.09223, 39.50868) kpc
2020-10-07 21:37:45,262 nix          MainProcess INFO     95% Confidence interval of $r_{y}$: (16.15420, 31.82177) kpc
2020-10-07 21:37:45,262 nix          MainProcess INFO     95% Confidence interval of $\phi_e$: (-4.91055, 0.18235) Rad
2020-10-07 21:37:45,262 nix          MainProcess INFO     
2020-10-07 21:37:45,262 nix          MainProcess INFO     closed Halo object Phoenix
