2020-10-12 16:52:48,160 nix          MainProcess INFO     Start Process for: /net/bach2/data2/boxelaar/brp_extra_data/phoenix_Lband_uvmin185_b0-MFS-image_CUTOUT.fits
2020-10-12 16:52:48,160 nix          MainProcess ERROR    Unknown what catalogue to use. If no costum values are given, filling values will be used
2020-10-12 16:52:49,816 nix          MainProcess WARNING  No R500 key found. setting R500=1.0Mpc as filling to continue. Ignore this message if R500 != None
2020-10-12 16:52:49,816 nix          MainProcess WARNING  No z key found. setting z=0.1Mpc as filling to continue. Ignore this message if z != None
2020-10-12 16:52:49,816 nix          MainProcess INFO     Custom redshift set
2020-10-12 16:52:50,514 nix          MainProcess INFO     MCMC Mask set
2020-10-12 16:52:52,878 nix          MainProcess ERROR    Phoenix: Decreasing FoV not possible. Halo is too big
2020-10-12 16:52:53,562 nix          MainProcess INFO     MCMC Mask set
2020-10-12 16:52:54,790 nix          MainProcess INFO     MCMC Mask set
2020-10-12 16:54:34,948 nix          MainProcess INFO     MCMC initial guess: I0       0.000003
x0     223.577569
y0     216.935966
r1      29.204641
r2      19.595903
r3      18.085700
r4      19.055793
ang      0.796180
Name: params, dtype: float64 
 with error: [1.45217531e-08 1.31015375e-01 1.97462580e-01 1.56574913e-01
 1.52015774e-01 1.12470100e-01 1.13668876e-01 6.31855760e-03]
2020-10-12 18:36:23,171 nix          MainProcess INFO     MCMC parameter dimension: skewed
2020-10-12 18:36:24,198 nix          MainProcess INFO     MCMC Mask set
2020-10-12 18:37:35,049 nix          MainProcess INFO     chi^2_red: 0.9714367145304172
2020-10-12 18:37:35,049 nix          MainProcess INFO     AIC: -11676.6724743856
2020-10-12 18:37:35,075 nix          MainProcess INFO     MCMC Flux at 1518.5 MHz: 8.15 +/- 0.18 mJy
2020-10-12 18:37:35,075 nix          MainProcess INFO     S/N based on flux 46.35
2020-10-12 18:37:35,086 nix          MainProcess INFO     Power at 1518.5 MHz: (1.32e+25 +/- 2.84e+23) W / Hz
2020-10-12 18:37:35,107 nix          MainProcess INFO     95% Confidence interval of $I_0$: (73.35969, 86.99812) $\mu$Jy arcsec$^{-2}$
2020-10-12 18:37:35,107 nix          MainProcess INFO     95% Confidence interval of $x_0$: (356.18187, 356.18206) deg
2020-10-12 18:37:35,107 nix          MainProcess INFO     95% Confidence interval of $y_0$: (317.27971, 317.28008) deg
2020-10-12 18:37:35,107 nix          MainProcess INFO     95% Confidence interval of $r_{x^+}$: (36.18167, 42.49351) kpc
2020-10-12 18:37:35,107 nix          MainProcess INFO     95% Confidence interval of $r_{x^-}$: (17.80507, 23.87165) kpc
2020-10-12 18:37:35,107 nix          MainProcess INFO     95% Confidence interval of $r_{y^+}$: (25.38942, 30.46879) kpc
2020-10-12 18:37:35,107 nix          MainProcess INFO     95% Confidence interval of $r_{y^-}$: (17.60821, 22.12207) kpc
2020-10-12 18:37:35,107 nix          MainProcess INFO     95% Confidence interval of $\phi_e$: (0.94533, 1.13205) Rad
2020-10-12 18:37:35,108 nix          MainProcess INFO     
2020-10-12 18:37:35,108 nix          MainProcess INFO     closed Halo object Phoenix
