2020-09-17 20:59:04,402 nix          MainProcess INFO     Start Process for: /net/bach2/data2/boxelaar/brp_extra_data/phoenix_Lband_uvmin185_b0-MFS-image_CUTOUT.fits
2020-09-17 20:59:04,436 nix          MainProcess ERROR    Unknown what catalogue to use. If no costum values are given, filling values will be used
2020-09-17 20:59:06,081 nix          MainProcess WARNING  No R500 key found. setting R500=1.0Mpc as filling to continue. Ignore this message if R500 != None
2020-09-17 20:59:06,082 nix          MainProcess WARNING  No z key found. setting z=0.1Mpc as filling to continue. Ignore this message if z != None
2020-09-17 20:59:06,082 nix          MainProcess INFO     Custom redshift set
2020-09-17 20:59:09,189 nix          MainProcess INFO     MCMC Mask set
2020-09-17 20:59:21,301 nix          MainProcess INFO     MCMC initial guess: I0      0.000095
x0    228.559388
y0    222.635119
r1      4.630451
Name: params, dtype: float64 
 with error: [2.58938290e-06 2.44326568e-02 6.60526207e-02 3.44699428e-02]
2020-09-17 22:37:52,708 nix          MainProcess INFO     MCMC Mask set
2020-09-17 22:38:09,765 nix          MainProcess INFO     MCMC initial guess: I0       0.000100
x0     228.771258
y0     223.660122
r1       5.308921
r2       4.720792
ang      2.622843
Name: params, dtype: float64 
 with error: [1.96101949e-06 2.10024525e-02 5.64750623e-02 3.25977183e-02
 3.77896671e-02 2.43065155e-02]
2020-09-18 00:09:35,074 root         MainProcess WARNING  Too few points to create valid contours
2020-09-18 00:09:35,172 root         MainProcess WARNING  Too few points to create valid contours
2020-09-18 00:09:35,318 root         MainProcess WARNING  Too few points to create valid contours
2020-09-18 00:09:35,430 root         MainProcess WARNING  Too few points to create valid contours
2020-09-18 00:09:35,517 root         MainProcess WARNING  Too few points to create valid contours
2020-09-18 00:09:35,623 root         MainProcess WARNING  Too few points to create valid contours
2020-09-18 00:09:35,677 root         MainProcess WARNING  Too few points to create valid contours
2020-09-18 00:09:35,761 root         MainProcess WARNING  Too few points to create valid contours
2020-09-18 00:09:35,870 root         MainProcess WARNING  Too few points to create valid contours
2020-09-18 00:09:35,923 root         MainProcess WARNING  Too few points to create valid contours
2020-09-18 00:09:35,977 root         MainProcess WARNING  Too few points to create valid contours
2020-09-18 00:09:57,021 nix          MainProcess INFO     MCMC Mask set
2020-09-18 00:10:27,788 nix          MainProcess INFO     MCMC initial guess: I0       0.000060
x0     228.697052
y0     224.215604
r1       5.510530
r2       5.519338
r3       5.027189
r4       5.352555
ang      0.052630
Name: params, dtype: float64 
 with error: [1.35748173e-06 1.29822871e-01 3.46918729e-01 6.12016012e-02
 5.66361545e-02 1.39043153e-01 1.22741922e-01 5.18484028e-02]
2020-09-18 01:59:26,011 nix          MainProcess INFO     MCMC parameter dimension: circle
2020-09-18 01:59:26,605 nix          MainProcess INFO     MCMC Mask set
2020-09-18 01:59:39,012 nix          MainProcess INFO     chi^2_red: 1.7385514510535083
2020-09-18 01:59:39,013 nix          MainProcess INFO     AIC: -11521.92622792657
2020-09-18 01:59:39,013 nix          MainProcess INFO     AICc: -11521.858546031477
2020-09-18 01:59:39,013 nix          MainProcess INFO     AIC whole: -189792391.22487187
2020-09-18 01:59:39,013 nix          MainProcess INFO     BIC: -11504.365265258308
2020-09-18 01:59:39,024 nix          MainProcess INFO     MCMC Flux at 1518.5 MHz: 8.93 +/- 0.19 mJy
2020-09-18 01:59:39,024 nix          MainProcess INFO     S/N based on flux 47.12
2020-09-18 01:59:39,025 nix          MainProcess INFO     MCMC parameter dimension: rotated_ellipse
2020-09-18 01:59:39,624 nix          MainProcess INFO     MCMC Mask set
2020-09-18 01:59:44,160 nix          MainProcess INFO     chi^2_red: 1.4946086032516346
2020-09-18 01:59:44,160 nix          MainProcess INFO     AIC: -11665.329611031782
2020-09-18 01:59:44,160 nix          MainProcess INFO     AICc: -11665.186996430764
2020-09-18 01:59:44,161 nix          MainProcess INFO     AIC whole: -188783843.16569564
2020-09-18 01:59:44,161 nix          MainProcess INFO     BIC: -11638.98816702939
2020-09-18 01:59:44,172 nix          MainProcess INFO     MCMC Flux at 1518.5 MHz: 8.96 +/- 0.39 mJy
2020-09-18 01:59:44,172 nix          MainProcess INFO     S/N based on flux 22.97
2020-09-18 01:59:44,172 nix          MainProcess INFO     MCMC parameter dimension: skewed
2020-09-18 01:59:44,761 nix          MainProcess INFO     MCMC Mask set
2020-09-18 01:59:49,546 nix          MainProcess INFO     chi^2_red: 1.4846455048701015
2020-09-18 01:59:49,546 nix          MainProcess INFO     AIC: -11670.177130086628
2020-09-18 01:59:49,546 nix          MainProcess INFO     AICc: -11669.931814924788
2020-09-18 01:59:49,546 nix          MainProcess INFO     AIC whole: -189004290.12447774
2020-09-18 01:59:49,546 nix          MainProcess INFO     BIC: -11635.055204750104
2020-09-18 01:59:49,563 nix          MainProcess INFO     MCMC Flux at 1518.5 MHz: 8.98 +/- 0.22 mJy
2020-09-18 01:59:49,563 nix          MainProcess INFO     S/N based on flux 41.46
2020-09-18 01:59:49,563 nix          MainProcess INFO     closed Halo object Phoenix
