2020-09-15 14:56:36,451 l2744        MainProcess INFO     Start Process for: /net/bach2/data2/boxelaar/Halo-FDCA/Example/A2744_JVLA.image.fits
2020-09-15 14:56:36,509 l2744        MainProcess WARNING  No valid z key found. setting z=0.1 as filling to continue. Ignore this message if z != None
2020-09-15 14:56:36,509 l2744        MainProcess WARNING  No R500 key found. setting R500=1.0Mpc to continue
2020-09-15 14:56:36,509 l2744        MainProcess INFO     Custom redshift set
2020-09-15 14:56:38,104 l2744        MainProcess ERROR    No regionfile found,continueing without mask
2020-09-15 14:56:39,044 l2744        MainProcess INFO     MCMC initial guess: I0      0.000039
x0    173.656540
y0    173.386218
r1     15.042871
Name: params, dtype: float64 
 with error: [2.54978669e-07 8.14474837e-02 8.14437682e-02 7.97325043e-02]
2020-09-15 15:15:22,711 l2744        MainProcess ERROR    No regionfile found,continueing without mask
2020-09-15 15:15:24,349 l2744        MainProcess INFO     MCMC initial guess: I0       0.000039
x0     173.719707
y0     173.470180
r1      16.308510
r2      14.046051
ang      0.622085
Name: params, dtype: float64 
 with error: [2.52870552e-07 8.39347334e-02 8.01156445e-02 9.58466363e-02
 1.11028441e-01 2.87591225e-02]
2020-09-15 15:34:23,241 l2744        MainProcess ERROR    No regionfile found,continueing without mask
2020-09-15 15:34:35,562 l2744        MainProcess INFO     MCMC initial guess: I0       0.000040
x0     173.467799
y0     167.593653
r1      20.988085
r2       9.608453
r3      11.693388
r4      11.693388
ang      1.036193
Name: params, dtype: float64 
 with error: [2.53065119e-07 1.34866614e-01 1.30933338e-01 1.48838079e-01
 1.69958177e-01 1.83598708e-01 1.37468831e-01 1.45715877e-02]
2020-09-15 15:58:02,986 l2744        MainProcess INFO     MCMC parameter dimension: circle
2020-09-15 15:58:02,992 l2744        MainProcess ERROR    No regionfile found,continueing without mask
