2020-09-18 16:07:00,548 nix          MainProcess INFO     Start Process for: /net/bach2/data2/boxelaar/brp_extra_data/phoenix_Lband_uvmin185_b0-MFS-image_CUTOUT.fits
2020-09-18 16:07:00,580 nix          MainProcess ERROR    Unknown what catalogue to use. If no costum values are given, filling values will be used
2020-09-18 16:07:02,218 nix          MainProcess WARNING  No R500 key found. setting R500=1.0Mpc as filling to continue. Ignore this message if R500 != None
2020-09-18 16:07:02,219 nix          MainProcess WARNING  No z key found. setting z=0.1Mpc as filling to continue. Ignore this message if z != None
2020-09-18 16:07:02,219 nix          MainProcess INFO     Custom redshift set
2020-09-18 16:07:05,334 nix          MainProcess INFO     MCMC Mask set
2020-09-18 16:07:17,491 nix          MainProcess INFO     MCMC initial guess: I0      0.000096
x0    228.677422
y0    223.126972
r1      4.592662
Name: params, dtype: float64 
 with error: [2.26519438e-06 2.07059760e-02 5.70306467e-02 2.93320404e-02]
2020-09-18 17:46:11,511 nix          MainProcess INFO     MCMC Mask set
2020-09-18 17:46:28,543 nix          MainProcess INFO     MCMC initial guess: I0       0.000101
x0     228.856272
y0     223.999664
r1       5.207360
r2       4.686481
ang      1.934427
Name: params, dtype: float64 
 with error: [1.95005241e-06 1.85871627e-02 5.42888931e-02 3.51799902e-02
 2.51518555e-02 2.97475484e-02]
2020-09-18 19:19:36,957 root         MainProcess WARNING  Too few points to create valid contours
2020-09-18 19:19:37,056 root         MainProcess WARNING  Too few points to create valid contours
2020-09-18 19:19:37,194 root         MainProcess WARNING  Too few points to create valid contours
2020-09-18 19:19:37,390 root         MainProcess WARNING  Too few points to create valid contours
2020-09-18 19:19:37,548 root         MainProcess WARNING  Too few points to create valid contours
2020-09-18 19:19:37,637 root         MainProcess WARNING  Too few points to create valid contours
2020-09-18 19:19:37,740 root         MainProcess WARNING  Too few points to create valid contours
2020-09-18 19:19:37,792 root         MainProcess WARNING  Too few points to create valid contours
2020-09-18 19:19:37,846 root         MainProcess WARNING  Too few points to create valid contours
2020-09-18 19:19:58,355 nix          MainProcess INFO     MCMC Mask set
2020-09-18 19:20:21,655 nix          MainProcess INFO     MCMC initial guess: I0       0.000116
x0     229.408704
y0     224.823036
r1       4.684012
r2       5.267560
r3       4.811766
r4       4.868362
ang      0.835122
Name: params, dtype: float64 
 with error: [2.09604822e-06 1.01724625e-01 2.18495761e-01 5.88399153e-02
 6.16637317e-02 4.88848866e-02 4.73230997e-02 5.75376349e-02]
2020-09-18 21:03:43,948 root         MainProcess WARNING  Too few points to create valid contours
2020-09-18 21:03:44,045 root         MainProcess WARNING  Too few points to create valid contours
2020-09-18 21:03:44,182 root         MainProcess WARNING  Too few points to create valid contours
2020-09-18 21:03:44,375 root         MainProcess WARNING  Too few points to create valid contours
2020-09-18 21:03:44,625 root         MainProcess WARNING  Too few points to create valid contours
2020-09-18 21:03:44,922 root         MainProcess WARNING  Too few points to create valid contours
2020-09-18 21:03:45,392 root         MainProcess WARNING  Too few points to create valid contours
2020-09-18 21:04:18,906 nix          MainProcess INFO     MCMC parameter dimension: circle
2020-09-18 21:04:19,857 nix          MainProcess INFO     MCMC Mask set
2020-09-18 21:04:50,290 nix          MainProcess INFO     chi^2_red: 1.008199898164985
2020-09-18 21:04:50,290 nix          MainProcess INFO     AIC: -11773.121595870765
2020-09-18 21:04:50,290 nix          MainProcess INFO     AICc: -11773.05274905493
2020-09-18 21:04:50,290 nix          MainProcess INFO     AIC whole: -188967010.8210466
2020-09-18 21:04:50,290 nix          MainProcess INFO     BIC: -11755.628316712457
2020-09-18 21:04:50,301 nix          MainProcess INFO     MCMC Flux at 1518.5 MHz: 8.02 +/- 0.18 mJy
2020-09-18 21:04:50,301 nix          MainProcess INFO     S/N based on flux 43.60
2020-09-18 21:04:50,302 nix          MainProcess INFO     MCMC parameter dimension: rotated_ellipse
2020-09-18 21:04:51,117 nix          MainProcess INFO     MCMC Mask set
2020-09-18 21:05:05,688 root         MainProcess WARNING  Too few points to create valid contours
2020-09-18 21:05:05,764 root         MainProcess WARNING  Too few points to create valid contours
2020-09-18 21:05:05,888 root         MainProcess WARNING  Too few points to create valid contours
2020-09-18 21:05:06,059 root         MainProcess WARNING  Too few points to create valid contours
2020-09-18 21:05:06,200 root         MainProcess WARNING  Too few points to create valid contours
2020-09-18 21:05:06,280 root         MainProcess WARNING  Too few points to create valid contours
2020-09-18 21:05:06,376 root         MainProcess WARNING  Too few points to create valid contours
2020-09-18 21:05:06,426 root         MainProcess WARNING  Too few points to create valid contours
2020-09-18 21:05:06,473 root         MainProcess WARNING  Too few points to create valid contours
2020-09-18 21:05:18,561 nix          MainProcess INFO     chi^2_red: 0.8661719961170846
2020-09-18 21:05:18,562 nix          MainProcess INFO     AIC: -11853.514178854879
2020-09-18 21:05:18,562 nix          MainProcess INFO     AICc: -11853.369101134671
2020-09-18 21:05:18,562 nix          MainProcess INFO     AIC whole: -188495002.5316368
2020-09-18 21:05:18,562 nix          MainProcess INFO     BIC: -11827.274260117418
2020-09-18 21:05:18,573 nix          MainProcess INFO     MCMC Flux at 1518.5 MHz: 8.19 +/- 0.24 mJy
2020-09-18 21:05:18,573 nix          MainProcess INFO     S/N based on flux 33.49
2020-09-18 21:05:18,574 nix          MainProcess INFO     MCMC parameter dimension: skewed
2020-09-18 21:05:19,263 nix          MainProcess INFO     MCMC Mask set
2020-09-18 21:05:36,343 root         MainProcess WARNING  Too few points to create valid contours
2020-09-18 21:05:36,424 root         MainProcess WARNING  Too few points to create valid contours
2020-09-18 21:05:36,553 root         MainProcess WARNING  Too few points to create valid contours
2020-09-18 21:05:36,738 root         MainProcess WARNING  Too few points to create valid contours
2020-09-18 21:05:36,973 root         MainProcess WARNING  Too few points to create valid contours
2020-09-18 21:05:37,260 root         MainProcess WARNING  Too few points to create valid contours
2020-09-18 21:05:37,581 root         MainProcess WARNING  Too few points to create valid contours
2020-09-18 21:05:59,213 nix          MainProcess INFO     chi^2_red: 0.8624180424053268
2020-09-18 21:05:59,213 nix          MainProcess INFO     AIC: -11853.416308092506
2020-09-18 21:05:59,213 nix          MainProcess INFO     AICc: -11853.16674136807
2020-09-18 21:05:59,213 nix          MainProcess INFO     AIC whole: -188557533.25169858
2020-09-18 21:05:59,213 nix          MainProcess INFO     BIC: -11818.42974977589
2020-09-18 21:05:59,229 nix          MainProcess INFO     MCMC Flux at 1518.5 MHz: 8.13 +/- 0.37 mJy
2020-09-18 21:05:59,229 nix          MainProcess INFO     S/N based on flux 21.72
2020-09-18 21:05:59,229 nix          MainProcess INFO     closed Halo object Phoenix
