2020-09-15 16:20:09,406 l2744        MainProcess INFO     Start Process for: /net/bach2/data2/boxelaar/Halo-FDCA/Example/A2744_JVLA.image.fits
2020-09-15 16:20:09,471 l2744        MainProcess WARNING  No valid z key found. setting z=0.1 as filling to continue. Ignore this message if z != None
2020-09-15 16:20:09,471 l2744        MainProcess WARNING  No R500 key found. setting R500=1.0Mpc to continue
2020-09-15 16:20:09,471 l2744        MainProcess INFO     Custom redshift set
2020-09-15 16:20:12,044 l2744        MainProcess INFO     MCMC Mask set
2020-09-15 16:20:13,082 l2744        MainProcess INFO     MCMC initial guess: I0      0.000042
x0    173.679917
y0    173.100258
r1     14.067111
Name: params, dtype: float64 
 with error: [1.44634529e-07 4.03511454e-02 4.02677410e-02 4.07748834e-02]
2020-09-15 16:39:02,776 l2744        MainProcess INFO     MCMC Mask set
2020-09-15 16:39:04,560 l2744        MainProcess INFO     MCMC initial guess: I0       0.000041
x0     173.731714
y0     173.203034
r1      15.001661
r2      13.408973
ang      0.845346
Name: params, dtype: float64 
 with error: [1.43139371e-07 4.03136406e-02 4.07192820e-02 4.83771042e-02
 5.79259706e-02 2.06445367e-02]
2020-09-15 16:58:26,677 l2744        MainProcess INFO     MCMC Mask set
2020-09-15 16:58:31,186 l2744        MainProcess INFO     MCMC initial guess: I0       0.000043
x0     172.205134
y0     167.643368
r1      20.449448
r2       8.309148
r3      12.561879
r4      12.561879
ang      1.134248
Name: params, dtype: float64 
 with error: [1.33341013e-07 6.35195902e-02 6.08040332e-02 7.26216074e-02
 7.62646640e-02 8.68486284e-02 6.29304707e-02 7.23908990e-03]
2020-09-15 17:21:50,794 l2744        MainProcess INFO     MCMC parameter dimension: circle
2020-09-15 17:21:51,957 l2744        MainProcess INFO     MCMC Mask set
2020-09-15 17:22:06,444 l2744        MainProcess INFO     chi^2_red: 1.4863814155770245
2020-09-15 17:22:06,445 l2744        MainProcess INFO     AIC: -60093.35889975504
2020-09-15 17:22:06,445 l2744        MainProcess INFO     AICc: -60093.34634482723
2020-09-15 17:22:06,445 l2744        MainProcess INFO     AIC whole: 1266718.984009092
2020-09-15 17:22:06,445 l2744        MainProcess INFO     BIC: -60069.086541249926
2020-09-15 17:22:06,456 l2744        MainProcess INFO     MCMC Flux at 1518.7 MHz: 51.59 +/- 0.49 mJy
2020-09-15 17:22:06,456 l2744        MainProcess INFO     S/N based on flux 106.17
2020-09-15 17:22:06,456 l2744        MainProcess INFO     MCMC parameter dimension: rotated_ellipse
2020-09-15 17:22:07,383 l2744        MainProcess INFO     MCMC Mask set
2020-09-15 17:22:10,380 l2744        MainProcess INFO     chi^2_red: 1.4608143873726975
2020-09-15 17:22:10,381 l2744        MainProcess INFO     AIC: -60173.76264741698
2020-09-15 17:22:10,381 l2744        MainProcess INFO     AICc: -60173.73626550743
2020-09-15 17:22:10,381 l2744        MainProcess INFO     AIC whole: 1265313.7907802975
2020-09-15 17:22:10,381 l2744        MainProcess INFO     BIC: -60137.35410965931
2020-09-15 17:22:10,393 l2744        MainProcess INFO     MCMC Flux at 1518.7 MHz: 52.17 +/- 0.50 mJy
2020-09-15 17:22:10,393 l2744        MainProcess INFO     S/N based on flux 104.75
2020-09-15 17:22:10,393 l2744        MainProcess INFO     MCMC parameter dimension: skewed
2020-09-15 17:22:11,398 l2744        MainProcess INFO     MCMC Mask set
2020-09-15 17:22:14,439 l2744        MainProcess INFO     chi^2_red: 1.1127657019962403
2020-09-15 17:22:14,440 l2744        MainProcess INFO     AIC: -61280.52324174499
2020-09-15 17:22:14,440 l2744        MainProcess INFO     AICc: -61280.477987188104
2020-09-15 17:22:14,440 l2744        MainProcess INFO     AIC whole: 1257619.2868127595
2020-09-15 17:22:14,440 l2744        MainProcess INFO     BIC: -61231.97852473476
2020-09-15 17:22:14,455 l2744        MainProcess INFO     MCMC Flux at 1518.7 MHz: 51.63 +/- 0.47 mJy
2020-09-15 17:22:14,455 l2744        MainProcess INFO     S/N based on flux 110.31
2020-09-15 17:22:14,455 l2744        MainProcess INFO     closed Halo object Abell2744
2020-09-15 17:22:14,455 1825.3+3026  MainProcess INFO     Start Process for: /net/bach2/data2/boxelaar/Halo-FDCA/Example/RXCJ1825.3+3026_masksubROBUST-0.5TAPER30-MFS-image_corrected.fits
2020-09-15 17:22:14,457 1825.3+3026  MainProcess ERROR    Unknown what catalogue to use. If no costum values are given, filling values will be used
2020-09-15 17:22:15,942 1825.3+3026  MainProcess WARNING  No R500 key found. setting R500=1.0Mpc as filling to continue. Ignore this message if R500 != None
2020-09-15 17:22:15,942 1825.3+3026  MainProcess WARNING  No z key found. setting z=0.1Mpc as filling to continue. Ignore this message if z != None
2020-09-15 17:22:15,942 1825.3+3026  MainProcess INFO     Custom redshift set
2020-09-15 17:22:17,865 1825.3+3026  MainProcess ERROR    RXCJ1825.3+3026: Decreasing FoV not possible. Halo is too big
2020-09-15 17:22:19,970 1825.3+3026  MainProcess INFO     MCMC Mask set
2020-09-15 17:22:35,937 1825.3+3026  MainProcess INFO     MCMC initial guess: I0      0.000053
x0    414.685887
y0    452.237688
r1     25.955357
Name: params, dtype: float64 
 with error: [1.82179932e-07 7.55748982e-02 7.55487121e-02 7.28346104e-02]
