2020-09-17 14:49:52,850 nix          MainProcess INFO     Start Process for: /net/lofar4/data2/rtimmerman/Phoenix_JVLA/Lband_uvmin185_b0-MFS-image.fits
2020-09-17 14:49:52,851 nix          MainProcess ERROR    Unknown what catalogue to use. If no costum values are given, filling values will be used
2020-09-17 14:49:54,478 nix          MainProcess WARNING  No halo world location given. Assuming image centre.
2020-09-17 14:49:54,478 nix          MainProcess INFO     - Not giving an approximate location can affect MCMC performance -
2020-09-17 14:49:54,489 nix          MainProcess WARNING  No R500 key found. setting R500=1.0Mpc as filling to continue. Ignore this message if R500 != None
2020-09-17 14:49:54,489 nix          MainProcess WARNING  No z key found. setting z=0.1Mpc as filling to continue. Ignore this message if z != None
2020-09-17 14:50:09,617 nix          MainProcess INFO     MCMC Mask set
2020-09-17 14:50:10,200 nix          MainProcess INFO     MCMC initial guess: I0     0.000118
x0    57.547043
y0    56.099005
r1     4.957921
Name: params, dtype: float64 
 with error: [8.57869759e-06 7.39328180e-02 1.98441326e-01 1.02694017e-01]
2020-09-17 15:00:58,376 root         MainProcess WARNING  Too few points to create valid contours
2020-09-17 15:01:08,384 nix          MainProcess INFO     MCMC Mask set
2020-09-17 15:01:09,244 nix          MainProcess INFO     MCMC initial guess: I0      0.000118
x0     57.552540
y0     56.109067
r1      5.028332
r2      4.932693
ang     1.392693
Name: params, dtype: float64 
 with error: [8.75697057e-06 7.56823028e-02 2.13892680e-01 1.07250393e-01
 1.50990018e-01 3.92791753e-01]
2020-09-17 15:12:00,972 root         MainProcess WARNING  Too few points to create valid contours
2020-09-17 15:12:01,069 root         MainProcess WARNING  Too few points to create valid contours
2020-09-17 15:12:01,627 root         MainProcess WARNING  Too few points to create valid contours
2020-09-17 15:12:21,224 nix          MainProcess INFO     MCMC Mask set
2020-09-17 15:12:22,941 nix          MainProcess INFO     MCMC initial guess: I0      0.000116
x0     58.234360
y0     56.818409
r1      4.710036
r2      5.287364
r3      4.732130
r4      4.862224
ang     0.864419
Name: params, dtype: float64 
 with error: [8.84026769e-06 4.26171349e-01 8.86285994e-01 2.47808675e-01
 2.51978327e-01 1.98856227e-01 1.94885734e-01 1.92320707e-01]
2020-09-17 15:23:17,060 root         MainProcess WARNING  Too few points to create valid contours
2020-09-17 15:23:17,700 root         MainProcess WARNING  Too few points to create valid contours
2020-09-17 15:23:52,165 nix          MainProcess INFO     MCMC parameter dimension: circle
2020-09-17 15:23:52,915 nix          MainProcess INFO     MCMC Mask set
