2024-05-14 17:28:20,130 Abell2744    MainProcess INFO     Start Process for: Abell2744
2024-05-14 17:28:20,130 Abell2744    MainProcess INFO     Run Arguments: 
Namespace(object='Abell2744', path_in='./Example/Data_dir/A2744_JVLA.image.fits', redshift=0.308, model='circle', frame='icrs', loc=None, m=True, m_file='./Example/Data_dir/A2744halo.reg', path_out='./Example/Output_dir', fov=True, spectr_idx=-1.2, walkers=200, steps=1200, burntime=None, max_radius=None, gamma_prior=False, k_exp=False, off=False, s=True, run_mcmc=False, int_max=inf, freq=None, rms=0.0)

2024-05-14 17:28:20,155 Abell2744    MainProcess WARNING  No manual location given, searching for Abell2744 in NED.
2024-05-14 17:28:20,187 Abell2744    MainProcess INFO     Custom redshift set
2024-05-14 17:28:20,308 Abell2744    MainProcess INFO     MCMC Mask set
2024-05-14 17:28:22,761 Abell2744    MainProcess INFO     rms noise 18.102064 microJansky/beam
2024-05-14 17:28:22,761 Abell2744    MainProcess INFO     rms noise 0.091225 microJansky/arcsec2
2024-05-14 17:28:22,928 Abell2744    MainProcess INFO     MCMC Mask set
2024-05-14 17:28:24,101 Abell2744    MainProcess INFO     Model name: circle
2024-05-14 17:28:24,290 Abell2744    MainProcess INFO     MCMC Mask set
2024-05-14 17:28:24,426 Abell2744    MainProcess INFO     
 Parameters: 
I0    98.718242
x0     3.704878
y0   -30.494937
r1     4.992421
Name: params, dtype: float64 
One sigma parameter uncertainties (lower, upper):                                     
[9.57133847e+01 1.29143379e-03 2.24618198e-03 2.80221848e+00] 
[1.43678723e+01 3.81733231e-03 3.30111469e-03 2.09277964e+02] 
In Units: ['$\\mu$Jy arcsec$^{-2}$' 'deg' 'deg' 'kpc']
2024-05-14 17:28:25,789 root         MainProcess WARNING  Too few points to create valid contours
2024-05-14 17:28:25,809 root         MainProcess WARNING  Too few points to create valid contours
2024-05-14 17:28:26,153 Abell2744    MainProcess INFO     chi^2: 25557.11412277362
2024-05-14 17:28:26,153 Abell2744    MainProcess INFO     effective DoF: 2018
2024-05-14 17:28:26,153 Abell2744    MainProcess INFO     chi^2_red: 12.664575878480486
2024-05-14 17:28:26,159 Abell2744    MainProcess INFO     MCMC Flux at 1518.7 MHz: 1.66 +/- 21.43 mJy
2024-05-14 17:28:26,159 Abell2744    MainProcess INFO     Integration radius inf
2024-05-14 17:28:26,159 Abell2744    MainProcess INFO     S/N based on flux 0.08
2024-05-14 17:28:26,167 Abell2744    MainProcess INFO     Power at 1518.7 MHz: (5.36e+23 +/- 6.93e+24) W / Hz
